d:\projects\kursyap\kurs1\kurs1\debug\vc142.pdb
d:\projects\kursyap\kurs1\kurs1\debug\vc142.idb
d:\projects\kursyap\kurs1\kurs1\debug\stdafx.obj
d:\projects\kursyap\kurs1\kurs1\debug\sem.obj
d:\projects\kursyap\kurs1\kurs1\debug\pn.obj
d:\projects\kursyap\kurs1\kurs1\debug\parm.obj
d:\projects\kursyap\kurs1\kurs1\debug\mfst.obj
d:\projects\kursyap\kurs1\kurs1\debug\main.obj
d:\projects\kursyap\kurs1\kurs1\debug\lt.obj
d:\projects\kursyap\kurs1\kurs1\debug\log.obj
d:\projects\kursyap\kurs1\kurs1\debug\lex.obj
d:\projects\kursyap\kurs1\kurs1\debug\it.obj
d:\projects\kursyap\kurs1\kurs1\debug\in.obj
d:\projects\kursyap\kurs1\kurs1\debug\grb.obj
d:\projects\kursyap\kurs1\kurs1\debug\error.obj
d:\projects\kursyap\kurs1\kurs1\debug\cg.obj
d:\projects\kursyap\kurs1\debug\kurs1.exe
d:\projects\kursyap\kurs1\kurs1\debug\kurs1.ilk
d:\projects\kursyap\kurs1\debug\kurs1.pdb
d:\projects\kursyap\kurs1\kurs1\debug\kurs1.tlog\cl.command.1.tlog
d:\projects\kursyap\kurs1\kurs1\debug\kurs1.tlog\cl.read.1.tlog
d:\projects\kursyap\kurs1\kurs1\debug\kurs1.tlog\cl.write.1.tlog
d:\projects\kursyap\kurs1\kurs1\debug\kurs1.tlog\link.command.1.tlog
d:\projects\kursyap\kurs1\kurs1\debug\kurs1.tlog\link.read.1.tlog
d:\projects\kursyap\kurs1\kurs1\debug\kurs1.tlog\link.write.1.tlog
